{"/Users/hand/Documents/git/github/action-sample/hello.js": {"path":"/Users/hand/Documents/git/github/action-sample/hello.js","all":false,"statementMap":{"0":{"start":{"line":1,"column":0},"end":{"line":1,"column":30}},"1":{"start":{"line":2,"column":0},"end":{"line":2,"column":17}},"2":{"start":{"line":3,"column":0},"end":{"line":3,"column":1}}},"s":{"0":1,"1":1,"2":1},"branchMap":{"0":{"type":"branch","line":1,"loc":{"start":{"line":1,"column":17},"end":{"line":3,"column":1}},"locations":[{"start":{"line":1,"column":17},"end":{"line":3,"column":1}}]}},"b":{"0":[1]},"fnMap":{"0":{"name":"Object.<anonymous>.module.exports","decl":{"start":{"line":1,"column":17},"end":{"line":3,"column":1}},"loc":{"start":{"line":1,"column":17},"end":{"line":3,"column":1}},"line":1}},"f":{"0":1}}
}
